<?xml version="1.0" encoding="UTF-8"?>
<!-- Generated by org.testng.reporters.JUnitReportReporter -->
<testsuite hostname="DESKTOP-KJ6UEMM" name="TestUtil.TestUtil" tests="1" failures="0" timestamp="4 Feb 2019 18:17:42 GMT" time="7.697" errors="0">
  <testcase name="read_excel" time="7.697" classname="TestUtil.TestUtil"/>
</testsuite> <!-- TestUtil.TestUtil -->
