<?xml version="1.0" encoding="UTF-8"?>
<!-- Generated by org.testng.reporters.JUnitReportReporter -->
<testsuite hostname="DESKTOP-KJ6UEMM" name="TestCase.LoginPage_TestCase" tests="1" failures="0" timestamp="12 Feb 2019 17:51:53 GMT" time="5.149" errors="0">
  <testcase name="validatelogin" time="5.149" classname="TestCase.LoginPage_TestCase"/>
</testsuite> <!-- TestCase.LoginPage_TestCase -->
