<?xml version="1.0" encoding="UTF-8"?>
<!-- Generated by org.testng.reporters.JUnitReportReporter -->
<testsuite hostname="DESKTOP-KJ6UEMM" name="TestCase.LoginPage_TestCase" tests="1" failures="0" timestamp="10 Feb 2019 19:30:43 GMT" time="2.432" errors="0">
  <testcase name="validatelogin" time="2.432" classname="TestCase.LoginPage_TestCase"/>
</testsuite> <!-- TestCase.LoginPage_TestCase -->
