<?xml version="1.0" encoding="UTF-8"?>
<!-- Generated by org.testng.reporters.JUnitReportReporter -->
<testsuite hostname="DESKTOP-KJ6UEMM" name="TestCase.LoginPage_TestCase" tests="1" failures="0" timestamp="6 Feb 2019 03:04:41 GMT" time="4.702" errors="0">
  <testcase name="validatelogin" time="4.702" classname="TestCase.LoginPage_TestCase"/>
</testsuite> <!-- TestCase.LoginPage_TestCase -->
