<?xml version="1.0" encoding="UTF-8"?>
<!-- Generated by org.testng.reporters.JUnitReportReporter -->
<testsuite hostname="DESKTOP-KJ6UEMM" name="TestCase.LoginPage_TestCase" tests="1" failures="0" timestamp="10 Feb 2019 07:13:47 GMT" time="3.829" errors="0">
  <testcase name="validatelogin" time="3.829" classname="TestCase.LoginPage_TestCase"/>
</testsuite> <!-- TestCase.LoginPage_TestCase -->
